npm error code ERESOLVE
npm error ERESOLVE could not resolve
npm error
npm error While resolving: @angular-devkit/build-angular@20.3.13
npm error Found: ng-packagr@19.2.2
npm error node_modules/ng-packagr
npm error   dev ng-packagr@"^19.2.0" from the root project
npm error
npm error Could not resolve dependency:
npm error peerOptional ng-packagr@"^20.0.0" from @angular-devkit/build-angular@20.3.13
npm error node_modules/@angular-devkit/build-angular
npm error   dev @angular-devkit/build-angular@"^20.3.0" from the root project
npm error
npm error Conflicting peer dependency: ng-packagr@20.3.2
npm error node_modules/ng-packagr
npm error   peerOptional ng-packagr@"^20.0.0" from @angular-devkit/build-angular@20.3.13
npm error   node_modules/@angular-devkit/build-angular
npm error     dev @angular-devkit/build-angular@"^20.3.0" from the root project
npm error
npm error Fix the upstream dependency conflict, or retry
npm error this command with --force or --legacy-peer-deps
npm error to accept an incorrect (and potentially broken) dependency resolution.
npm error
npm error
npm error For a full report see:
npm error /Users/kellysossoe/.npm/_logs/2025-12-05T10_02_14_785Z-eresolve-report.txt
npm error A complete log of this run can be found in: /Users/kellysossoe/.npm/_logs/2025-12-05T10_02_14_785Z-debug-0.log
